01/23/2025 11:17:40 - INFO - __main__ - Initialized tokenizer
01/23/2025 11:17:40 - INFO - __main__ - Found 5 models to evaluate.
01/23/2025 11:17:40 - INFO - __main__ - Constructing StereoSet dataloaders
01/23/2025 11:17:41 - INFO - __main__ - Constructed StereoSet dataloaders
01/23/2025 11:17:41 - INFO - __main__ - Evaluating model at ./models/bert-base-uncased/notall/inp/adv/1e-05/64/10000/model_3
01/23/2025 11:17:41 - INFO - __main__ - ==================================================1/5==================================================
01/23/2025 11:17:47 - INFO - __main__ - Got result: {
    "path": "./models/bert-base-uncased/notall/inp/adv/1e-05/64/10000/model_3",
    "gender": {
        "dev": {
            "ss": 0.6031746031746031,
            "lms": 0.8571428571428571,
            "icat": 0.6802721088435374
        },
        "test": {
            "ss": 0.546875,
            "lms": 0.7734375,
            "icat": 0.700927734375
        },
        "dev_count": 189,
        "test_count": 192
    },
    "profession": {
        "dev": {
            "ss": 0.46153846153846156,
            "lms": 0.753393665158371,
            "icat": 0.6954403063000348
        },
        "test": {
            "ss": 0.5565610859728507,
            "lms": 0.7171945701357466,
            "icat": 0.6360639626543273
        },
        "dev_count": 663,
        "test_count": 663
    },
    "race": {
        "dev": {
            "ss": 0.474025974025974,
            "lms": 0.7775974025974026,
            "icat": 0.7372027323326025
        },
        "test": {
            "ss": 0.42857142857142855,
            "lms": 0.7581168831168831,
            "icat": 0.6498144712430426
        },
        "dev_count": 924,
        "test_count": 924
    },
    "religion": {
        "dev": {
            "ss": 0.42857142857142855,
            "lms": 0.7380952380952381,
            "icat": 0.6326530612244898
        },
        "test": {
            "ss": 0.5,
            "lms": 0.75,
            "icat": 0.75
        },
        "dev_count": 63,
        "test_count": 66
    }
}
01/23/2025 11:17:47 - INFO - __main__ - ====================================================================================================
01/23/2025 11:17:47 - INFO - __main__ - Evaluating model at ./models/bert-base-uncased/notall/inp/adv/1e-05/64/10000/model_5
01/23/2025 11:17:47 - INFO - __main__ - ==================================================2/5==================================================
01/23/2025 11:17:49 - INFO - __main__ - Got result: {
    "path": "./models/bert-base-uncased/notall/inp/adv/1e-05/64/10000/model_5",
    "gender": {
        "dev": {
            "ss": 0.6031746031746031,
            "lms": 0.8412698412698413,
            "icat": 0.6676744771982868
        },
        "test": {
            "ss": 0.5625,
            "lms": 0.734375,
            "icat": 0.642578125
        },
        "dev_count": 189,
        "test_count": 192
    },
    "profession": {
        "dev": {
            "ss": 0.4343891402714932,
            "lms": 0.7194570135746606,
            "icat": 0.6250486271779857
        },
        "test": {
            "ss": 0.5384615384615384,
            "lms": 0.6990950226244343,
            "icat": 0.6453184824225549
        },
        "dev_count": 663,
        "test_count": 663
    },
    "race": {
        "dev": {
            "ss": 0.4837662337662338,
            "lms": 0.7532467532467533,
            "icat": 0.7287906898296509
        },
        "test": {
            "ss": 0.42857142857142855,
            "lms": 0.724025974025974,
            "icat": 0.6205936920222634
        },
        "dev_count": 924,
        "test_count": 924
    },
    "religion": {
        "dev": {
            "ss": 0.47619047619047616,
            "lms": 0.7142857142857143,
            "icat": 0.6802721088435374
        },
        "test": {
            "ss": 0.45454545454545453,
            "lms": 0.7045454545454546,
            "icat": 0.640495867768595
        },
        "dev_count": 63,
        "test_count": 66
    }
}
01/23/2025 11:17:49 - INFO - __main__ - ====================================================================================================
01/23/2025 11:17:49 - INFO - __main__ - Evaluating model at ./models/bert-base-uncased/notall/inp/adv/1e-05/64/10000/model_2
01/23/2025 11:17:49 - INFO - __main__ - ==================================================3/5==================================================
01/23/2025 11:17:50 - INFO - __main__ - Got result: {
    "path": "./models/bert-base-uncased/notall/inp/adv/1e-05/64/10000/model_2",
    "gender": {
        "dev": {
            "ss": 0.6507936507936508,
            "lms": 0.8571428571428571,
            "icat": 0.5986394557823128
        },
        "test": {
            "ss": 0.546875,
            "lms": 0.8125,
            "icat": 0.736328125
        },
        "dev_count": 189,
        "test_count": 192
    },
    "profession": {
        "dev": {
            "ss": 0.47058823529411764,
            "lms": 0.7647058823529411,
            "icat": 0.7197231833910034
        },
        "test": {
            "ss": 0.5475113122171946,
            "lms": 0.746606334841629,
            "icat": 0.675661841485637
        },
        "dev_count": 663,
        "test_count": 663
    },
    "race": {
        "dev": {
            "ss": 0.4837662337662338,
            "lms": 0.788961038961039,
            "icat": 0.7633454208129533
        },
        "test": {
            "ss": 0.42207792207792205,
            "lms": 0.7564935064935064,
            "icat": 0.6385984145724405
        },
        "dev_count": 924,
        "test_count": 924
    },
    "religion": {
        "dev": {
            "ss": 0.5238095238095238,
            "lms": 0.7619047619047619,
            "icat": 0.7256235827664398
        },
        "test": {
            "ss": 0.5,
            "lms": 0.7954545454545454,
            "icat": 0.7954545454545454
        },
        "dev_count": 63,
        "test_count": 66
    }
}
01/23/2025 11:17:50 - INFO - __main__ - ====================================================================================================
01/23/2025 11:17:50 - INFO - __main__ - Evaluating model at ./models/bert-base-uncased/notall/inp/adv/1e-05/64/10000/model_4
01/23/2025 11:17:50 - INFO - __main__ - ==================================================4/5==================================================
01/23/2025 11:17:52 - INFO - __main__ - Got result: {
    "path": "./models/bert-base-uncased/notall/inp/adv/1e-05/64/10000/model_4",
    "gender": {
        "dev": {
            "ss": 0.6031746031746031,
            "lms": 0.8571428571428571,
            "icat": 0.6802721088435374
        },
        "test": {
            "ss": 0.5625,
            "lms": 0.7421875,
            "icat": 0.6494140625
        },
        "dev_count": 189,
        "test_count": 192
    },
    "profession": {
        "dev": {
            "ss": 0.45248868778280543,
            "lms": 0.7285067873303167,
            "icat": 0.6592821604799246
        },
        "test": {
            "ss": 0.5520361990950227,
            "lms": 0.6990950226244343,
            "icat": 0.6263385270571855
        },
        "dev_count": 663,
        "test_count": 663
    },
    "race": {
        "dev": {
            "ss": 0.4772727272727273,
            "lms": 0.7646103896103896,
            "icat": 0.7298553719008265
        },
        "test": {
            "ss": 0.42857142857142855,
            "lms": 0.7386363636363636,
            "icat": 0.6331168831168831
        },
        "dev_count": 924,
        "test_count": 924
    },
    "religion": {
        "dev": {
            "ss": 0.47619047619047616,
            "lms": 0.7380952380952381,
            "icat": 0.7029478458049887
        },
        "test": {
            "ss": 0.45454545454545453,
            "lms": 0.75,
            "icat": 0.6818181818181818
        },
        "dev_count": 63,
        "test_count": 66
    }
}
01/23/2025 11:17:52 - INFO - __main__ - ====================================================================================================
01/23/2025 11:17:52 - INFO - __main__ - Evaluating model at ./models/bert-base-uncased/notall/inp/adv/1e-05/64/10000/model_1
01/23/2025 11:17:52 - INFO - __main__ - ==================================================5/5==================================================
01/23/2025 11:17:54 - INFO - __main__ - Got result: {
    "path": "./models/bert-base-uncased/notall/inp/adv/1e-05/64/10000/model_1",
    "gender": {
        "dev": {
            "ss": 0.6507936507936508,
            "lms": 0.8492063492063492,
            "icat": 0.5930964978584026
        },
        "test": {
            "ss": 0.53125,
            "lms": 0.78125,
            "icat": 0.732421875
        },
        "dev_count": 189,
        "test_count": 192
    },
    "profession": {
        "dev": {
            "ss": 0.4751131221719457,
            "lms": 0.7941176470588235,
            "icat": 0.7545914293319137
        },
        "test": {
            "ss": 0.5520361990950227,
            "lms": 0.7669683257918553,
            "icat": 0.6871480927908928
        },
        "dev_count": 663,
        "test_count": 663
    },
    "race": {
        "dev": {
            "ss": 0.4935064935064935,
            "lms": 0.7873376623376623,
            "icat": 0.7771124978917187
        },
        "test": {
            "ss": 0.4318181818181818,
            "lms": 0.7678571428571429,
            "icat": 0.6631493506493507
        },
        "dev_count": 924,
        "test_count": 924
    },
    "religion": {
        "dev": {
            "ss": 0.5238095238095238,
            "lms": 0.7380952380952381,
            "icat": 0.7029478458049887
        },
        "test": {
            "ss": 0.5,
            "lms": 0.7727272727272727,
            "icat": 0.7727272727272727
        },
        "dev_count": 63,
        "test_count": 66
    }
}
01/23/2025 11:17:54 - INFO - __main__ - ====================================================================================================
01/23/2025 11:17:54 - INFO - __main__ - Got results map {
    "notall": {
        "inp": {
            "adv": {
                "1e-05": {
                    "64": {
                        "10000": {
                            "model_3": {
                                "path": "./models/bert-base-uncased/notall/inp/adv/1e-05/64/10000/model_3",
                                "gender": {
                                    "dev": {
                                        "ss": 0.6031746031746031,
                                        "lms": 0.8571428571428571,
                                        "icat": 0.6802721088435374
                                    },
                                    "test": {
                                        "ss": 0.546875,
                                        "lms": 0.7734375,
                                        "icat": 0.700927734375
                                    },
                                    "dev_count": 189,
                                    "test_count": 192
                                },
                                "profession": {
                                    "dev": {
                                        "ss": 0.46153846153846156,
                                        "lms": 0.753393665158371,
                                        "icat": 0.6954403063000348
                                    },
                                    "test": {
                                        "ss": 0.5565610859728507,
                                        "lms": 0.7171945701357466,
                                        "icat": 0.6360639626543273
                                    },
                                    "dev_count": 663,
                                    "test_count": 663
                                },
                                "race": {
                                    "dev": {
                                        "ss": 0.474025974025974,
                                        "lms": 0.7775974025974026,
                                        "icat": 0.7372027323326025
                                    },
                                    "test": {
                                        "ss": 0.42857142857142855,
                                        "lms": 0.7581168831168831,
                                        "icat": 0.6498144712430426
                                    },
                                    "dev_count": 924,
                                    "test_count": 924
                                },
                                "religion": {
                                    "dev": {
                                        "ss": 0.42857142857142855,
                                        "lms": 0.7380952380952381,
                                        "icat": 0.6326530612244898
                                    },
                                    "test": {
                                        "ss": 0.5,
                                        "lms": 0.75,
                                        "icat": 0.75
                                    },
                                    "dev_count": 63,
                                    "test_count": 66
                                }
                            },
                            "model_5": {
                                "path": "./models/bert-base-uncased/notall/inp/adv/1e-05/64/10000/model_5",
                                "gender": {
                                    "dev": {
                                        "ss": 0.6031746031746031,
                                        "lms": 0.8412698412698413,
                                        "icat": 0.6676744771982868
                                    },
                                    "test": {
                                        "ss": 0.5625,
                                        "lms": 0.734375,
                                        "icat": 0.642578125
                                    },
                                    "dev_count": 189,
                                    "test_count": 192
                                },
                                "profession": {
                                    "dev": {
                                        "ss": 0.4343891402714932,
                                        "lms": 0.7194570135746606,
                                        "icat": 0.6250486271779857
                                    },
                                    "test": {
                                        "ss": 0.5384615384615384,
                                        "lms": 0.6990950226244343,
                                        "icat": 0.6453184824225549
                                    },
                                    "dev_count": 663,
                                    "test_count": 663
                                },
                                "race": {
                                    "dev": {
                                        "ss": 0.4837662337662338,
                                        "lms": 0.7532467532467533,
                                        "icat": 0.7287906898296509
                                    },
                                    "test": {
                                        "ss": 0.42857142857142855,
                                        "lms": 0.724025974025974,
                                        "icat": 0.6205936920222634
                                    },
                                    "dev_count": 924,
                                    "test_count": 924
                                },
                                "religion": {
                                    "dev": {
                                        "ss": 0.47619047619047616,
                                        "lms": 0.7142857142857143,
                                        "icat": 0.6802721088435374
                                    },
                                    "test": {
                                        "ss": 0.45454545454545453,
                                        "lms": 0.7045454545454546,
                                        "icat": 0.640495867768595
                                    },
                                    "dev_count": 63,
                                    "test_count": 66
                                }
                            },
                            "model_2": {
                                "path": "./models/bert-base-uncased/notall/inp/adv/1e-05/64/10000/model_2",
                                "gender": {
                                    "dev": {
                                        "ss": 0.6507936507936508,
                                        "lms": 0.8571428571428571,
                                        "icat": 0.5986394557823128
                                    },
                                    "test": {
                                        "ss": 0.546875,
                                        "lms": 0.8125,
                                        "icat": 0.736328125
                                    },
                                    "dev_count": 189,
                                    "test_count": 192
                                },
                                "profession": {
                                    "dev": {
                                        "ss": 0.47058823529411764,
                                        "lms": 0.7647058823529411,
                                        "icat": 0.7197231833910034
                                    },
                                    "test": {
                                        "ss": 0.5475113122171946,
                                        "lms": 0.746606334841629,
                                        "icat": 0.675661841485637
                                    },
                                    "dev_count": 663,
                                    "test_count": 663
                                },
                                "race": {
                                    "dev": {
                                        "ss": 0.4837662337662338,
                                        "lms": 0.788961038961039,
                                        "icat": 0.7633454208129533
                                    },
                                    "test": {
                                        "ss": 0.42207792207792205,
                                        "lms": 0.7564935064935064,
                                        "icat": 0.6385984145724405
                                    },
                                    "dev_count": 924,
                                    "test_count": 924
                                },
                                "religion": {
                                    "dev": {
                                        "ss": 0.5238095238095238,
                                        "lms": 0.7619047619047619,
                                        "icat": 0.7256235827664398
                                    },
                                    "test": {
                                        "ss": 0.5,
                                        "lms": 0.7954545454545454,
                                        "icat": 0.7954545454545454
                                    },
                                    "dev_count": 63,
                                    "test_count": 66
                                }
                            },
                            "model_4": {
                                "path": "./models/bert-base-uncased/notall/inp/adv/1e-05/64/10000/model_4",
                                "gender": {
                                    "dev": {
                                        "ss": 0.6031746031746031,
                                        "lms": 0.8571428571428571,
                                        "icat": 0.6802721088435374
                                    },
                                    "test": {
                                        "ss": 0.5625,
                                        "lms": 0.7421875,
                                        "icat": 0.6494140625
                                    },
                                    "dev_count": 189,
                                    "test_count": 192
                                },
                                "profession": {
                                    "dev": {
                                        "ss": 0.45248868778280543,
                                        "lms": 0.7285067873303167,
                                        "icat": 0.6592821604799246
                                    },
                                    "test": {
                                        "ss": 0.5520361990950227,
                                        "lms": 0.6990950226244343,
                                        "icat": 0.6263385270571855
                                    },
                                    "dev_count": 663,
                                    "test_count": 663
                                },
                                "race": {
                                    "dev": {
                                        "ss": 0.4772727272727273,
                                        "lms": 0.7646103896103896,
                                        "icat": 0.7298553719008265
                                    },
                                    "test": {
                                        "ss": 0.42857142857142855,
                                        "lms": 0.7386363636363636,
                                        "icat": 0.6331168831168831
                                    },
                                    "dev_count": 924,
                                    "test_count": 924
                                },
                                "religion": {
                                    "dev": {
                                        "ss": 0.47619047619047616,
                                        "lms": 0.7380952380952381,
                                        "icat": 0.7029478458049887
                                    },
                                    "test": {
                                        "ss": 0.45454545454545453,
                                        "lms": 0.75,
                                        "icat": 0.6818181818181818
                                    },
                                    "dev_count": 63,
                                    "test_count": 66
                                }
                            },
                            "model_1": {
                                "path": "./models/bert-base-uncased/notall/inp/adv/1e-05/64/10000/model_1",
                                "gender": {
                                    "dev": {
                                        "ss": 0.6507936507936508,
                                        "lms": 0.8492063492063492,
                                        "icat": 0.5930964978584026
                                    },
                                    "test": {
                                        "ss": 0.53125,
                                        "lms": 0.78125,
                                        "icat": 0.732421875
                                    },
                                    "dev_count": 189,
                                    "test_count": 192
                                },
                                "profession": {
                                    "dev": {
                                        "ss": 0.4751131221719457,
                                        "lms": 0.7941176470588235,
                                        "icat": 0.7545914293319137
                                    },
                                    "test": {
                                        "ss": 0.5520361990950227,
                                        "lms": 0.7669683257918553,
                                        "icat": 0.6871480927908928
                                    },
                                    "dev_count": 663,
                                    "test_count": 663
                                },
                                "race": {
                                    "dev": {
                                        "ss": 0.4935064935064935,
                                        "lms": 0.7873376623376623,
                                        "icat": 0.7771124978917187
                                    },
                                    "test": {
                                        "ss": 0.4318181818181818,
                                        "lms": 0.7678571428571429,
                                        "icat": 0.6631493506493507
                                    },
                                    "dev_count": 924,
                                    "test_count": 924
                                },
                                "religion": {
                                    "dev": {
                                        "ss": 0.5238095238095238,
                                        "lms": 0.7380952380952381,
                                        "icat": 0.7029478458049887
                                    },
                                    "test": {
                                        "ss": 0.5,
                                        "lms": 0.7727272727272727,
                                        "icat": 0.7727272727272727
                                    },
                                    "dev_count": 63,
                                    "test_count": 66
                                }
                            }
                        }
                    }
                }
            }
        }
    }
}
01/23/2025 11:17:54 - INFO - __main__ - Got best results {
    "best_model": {
        "path": "./models/bert-base-uncased/notall/inp/adv/1e-05/64/10000/model_5",
        "gender": {
            "dev": {
                "ss": 0.6031746031746031,
                "lms": 0.8412698412698413,
                "icat": 0.6676744771982868
            },
            "test": {
                "ss": 0.5625,
                "lms": 0.734375,
                "icat": 0.642578125
            },
            "dev_count": 189,
            "test_count": 192
        },
        "profession": {
            "dev": {
                "ss": 0.4343891402714932,
                "lms": 0.7194570135746606,
                "icat": 0.6250486271779857
            },
            "test": {
                "ss": 0.5384615384615384,
                "lms": 0.6990950226244343,
                "icat": 0.6453184824225549
            },
            "dev_count": 663,
            "test_count": 663
        },
        "race": {
            "dev": {
                "ss": 0.4837662337662338,
                "lms": 0.7532467532467533,
                "icat": 0.7287906898296509
            },
            "test": {
                "ss": 0.42857142857142855,
                "lms": 0.724025974025974,
                "icat": 0.6205936920222634
            },
            "dev_count": 924,
            "test_count": 924
        },
        "religion": {
            "dev": {
                "ss": 0.47619047619047616,
                "lms": 0.7142857142857143,
                "icat": 0.6802721088435374
            },
            "test": {
                "ss": 0.45454545454545453,
                "lms": 0.7045454545454546,
                "icat": 0.640495867768595
            },
            "dev_count": 63,
            "test_count": 66
        },
        "dev_criterion_score": -0.47183098591549294,
        "test_criterion_score": -0.543859649122807
    },
    "notall": {
        "best_model": {
            "path": "./models/bert-base-uncased/notall/inp/adv/1e-05/64/10000/model_5",
            "gender": {
                "dev": {
                    "ss": 0.6031746031746031,
                    "lms": 0.8412698412698413,
                    "icat": 0.6676744771982868
                },
                "test": {
                    "ss": 0.5625,
                    "lms": 0.734375,
                    "icat": 0.642578125
                },
                "dev_count": 189,
                "test_count": 192
            },
            "profession": {
                "dev": {
                    "ss": 0.4343891402714932,
                    "lms": 0.7194570135746606,
                    "icat": 0.6250486271779857
                },
                "test": {
                    "ss": 0.5384615384615384,
                    "lms": 0.6990950226244343,
                    "icat": 0.6453184824225549
                },
                "dev_count": 663,
                "test_count": 663
            },
            "race": {
                "dev": {
                    "ss": 0.4837662337662338,
                    "lms": 0.7532467532467533,
                    "icat": 0.7287906898296509
                },
                "test": {
                    "ss": 0.42857142857142855,
                    "lms": 0.724025974025974,
                    "icat": 0.6205936920222634
                },
                "dev_count": 924,
                "test_count": 924
            },
            "religion": {
                "dev": {
                    "ss": 0.47619047619047616,
                    "lms": 0.7142857142857143,
                    "icat": 0.6802721088435374
                },
                "test": {
                    "ss": 0.45454545454545453,
                    "lms": 0.7045454545454546,
                    "icat": 0.640495867768595
                },
                "dev_count": 63,
                "test_count": 66
            },
            "dev_criterion_score": -0.47183098591549294,
            "test_criterion_score": -0.543859649122807
        },
        "inp": {
            "best_model": {
                "path": "./models/bert-base-uncased/notall/inp/adv/1e-05/64/10000/model_5",
                "gender": {
                    "dev": {
                        "ss": 0.6031746031746031,
                        "lms": 0.8412698412698413,
                        "icat": 0.6676744771982868
                    },
                    "test": {
                        "ss": 0.5625,
                        "lms": 0.734375,
                        "icat": 0.642578125
                    },
                    "dev_count": 189,
                    "test_count": 192
                },
                "profession": {
                    "dev": {
                        "ss": 0.4343891402714932,
                        "lms": 0.7194570135746606,
                        "icat": 0.6250486271779857
                    },
                    "test": {
                        "ss": 0.5384615384615384,
                        "lms": 0.6990950226244343,
                        "icat": 0.6453184824225549
                    },
                    "dev_count": 663,
                    "test_count": 663
                },
                "race": {
                    "dev": {
                        "ss": 0.4837662337662338,
                        "lms": 0.7532467532467533,
                        "icat": 0.7287906898296509
                    },
                    "test": {
                        "ss": 0.42857142857142855,
                        "lms": 0.724025974025974,
                        "icat": 0.6205936920222634
                    },
                    "dev_count": 924,
                    "test_count": 924
                },
                "religion": {
                    "dev": {
                        "ss": 0.47619047619047616,
                        "lms": 0.7142857142857143,
                        "icat": 0.6802721088435374
                    },
                    "test": {
                        "ss": 0.45454545454545453,
                        "lms": 0.7045454545454546,
                        "icat": 0.640495867768595
                    },
                    "dev_count": 63,
                    "test_count": 66
                },
                "dev_criterion_score": -0.47183098591549294,
                "test_criterion_score": -0.543859649122807
            },
            "adv": {
                "best_model": {
                    "path": "./models/bert-base-uncased/notall/inp/adv/1e-05/64/10000/model_5",
                    "gender": {
                        "dev": {
                            "ss": 0.6031746031746031,
                            "lms": 0.8412698412698413,
                            "icat": 0.6676744771982868
                        },
                        "test": {
                            "ss": 0.5625,
                            "lms": 0.734375,
                            "icat": 0.642578125
                        },
                        "dev_count": 189,
                        "test_count": 192
                    },
                    "profession": {
                        "dev": {
                            "ss": 0.4343891402714932,
                            "lms": 0.7194570135746606,
                            "icat": 0.6250486271779857
                        },
                        "test": {
                            "ss": 0.5384615384615384,
                            "lms": 0.6990950226244343,
                            "icat": 0.6453184824225549
                        },
                        "dev_count": 663,
                        "test_count": 663
                    },
                    "race": {
                        "dev": {
                            "ss": 0.4837662337662338,
                            "lms": 0.7532467532467533,
                            "icat": 0.7287906898296509
                        },
                        "test": {
                            "ss": 0.42857142857142855,
                            "lms": 0.724025974025974,
                            "icat": 0.6205936920222634
                        },
                        "dev_count": 924,
                        "test_count": 924
                    },
                    "religion": {
                        "dev": {
                            "ss": 0.47619047619047616,
                            "lms": 0.7142857142857143,
                            "icat": 0.6802721088435374
                        },
                        "test": {
                            "ss": 0.45454545454545453,
                            "lms": 0.7045454545454546,
                            "icat": 0.640495867768595
                        },
                        "dev_count": 63,
                        "test_count": 66
                    },
                    "dev_criterion_score": -0.47183098591549294,
                    "test_criterion_score": -0.543859649122807
                },
                "1e-05": {
                    "best_model": {
                        "path": "./models/bert-base-uncased/notall/inp/adv/1e-05/64/10000/model_5",
                        "gender": {
                            "dev": {
                                "ss": 0.6031746031746031,
                                "lms": 0.8412698412698413,
                                "icat": 0.6676744771982868
                            },
                            "test": {
                                "ss": 0.5625,
                                "lms": 0.734375,
                                "icat": 0.642578125
                            },
                            "dev_count": 189,
                            "test_count": 192
                        },
                        "profession": {
                            "dev": {
                                "ss": 0.4343891402714932,
                                "lms": 0.7194570135746606,
                                "icat": 0.6250486271779857
                            },
                            "test": {
                                "ss": 0.5384615384615384,
                                "lms": 0.6990950226244343,
                                "icat": 0.6453184824225549
                            },
                            "dev_count": 663,
                            "test_count": 663
                        },
                        "race": {
                            "dev": {
                                "ss": 0.4837662337662338,
                                "lms": 0.7532467532467533,
                                "icat": 0.7287906898296509
                            },
                            "test": {
                                "ss": 0.42857142857142855,
                                "lms": 0.724025974025974,
                                "icat": 0.6205936920222634
                            },
                            "dev_count": 924,
                            "test_count": 924
                        },
                        "religion": {
                            "dev": {
                                "ss": 0.47619047619047616,
                                "lms": 0.7142857142857143,
                                "icat": 0.6802721088435374
                            },
                            "test": {
                                "ss": 0.45454545454545453,
                                "lms": 0.7045454545454546,
                                "icat": 0.640495867768595
                            },
                            "dev_count": 63,
                            "test_count": 66
                        },
                        "dev_criterion_score": -0.47183098591549294,
                        "test_criterion_score": -0.543859649122807
                    },
                    "64": {
                        "best_model": {
                            "path": "./models/bert-base-uncased/notall/inp/adv/1e-05/64/10000/model_5",
                            "gender": {
                                "dev": {
                                    "ss": 0.6031746031746031,
                                    "lms": 0.8412698412698413,
                                    "icat": 0.6676744771982868
                                },
                                "test": {
                                    "ss": 0.5625,
                                    "lms": 0.734375,
                                    "icat": 0.642578125
                                },
                                "dev_count": 189,
                                "test_count": 192
                            },
                            "profession": {
                                "dev": {
                                    "ss": 0.4343891402714932,
                                    "lms": 0.7194570135746606,
                                    "icat": 0.6250486271779857
                                },
                                "test": {
                                    "ss": 0.5384615384615384,
                                    "lms": 0.6990950226244343,
                                    "icat": 0.6453184824225549
                                },
                                "dev_count": 663,
                                "test_count": 663
                            },
                            "race": {
                                "dev": {
                                    "ss": 0.4837662337662338,
                                    "lms": 0.7532467532467533,
                                    "icat": 0.7287906898296509
                                },
                                "test": {
                                    "ss": 0.42857142857142855,
                                    "lms": 0.724025974025974,
                                    "icat": 0.6205936920222634
                                },
                                "dev_count": 924,
                                "test_count": 924
                            },
                            "religion": {
                                "dev": {
                                    "ss": 0.47619047619047616,
                                    "lms": 0.7142857142857143,
                                    "icat": 0.6802721088435374
                                },
                                "test": {
                                    "ss": 0.45454545454545453,
                                    "lms": 0.7045454545454546,
                                    "icat": 0.640495867768595
                                },
                                "dev_count": 63,
                                "test_count": 66
                            },
                            "dev_criterion_score": -0.47183098591549294,
                            "test_criterion_score": -0.543859649122807
                        },
                        "10000": {
                            "best_model": {
                                "path": "./models/bert-base-uncased/notall/inp/adv/1e-05/64/10000/model_5",
                                "gender": {
                                    "dev": {
                                        "ss": 0.6031746031746031,
                                        "lms": 0.8412698412698413,
                                        "icat": 0.6676744771982868
                                    },
                                    "test": {
                                        "ss": 0.5625,
                                        "lms": 0.734375,
                                        "icat": 0.642578125
                                    },
                                    "dev_count": 189,
                                    "test_count": 192
                                },
                                "profession": {
                                    "dev": {
                                        "ss": 0.4343891402714932,
                                        "lms": 0.7194570135746606,
                                        "icat": 0.6250486271779857
                                    },
                                    "test": {
                                        "ss": 0.5384615384615384,
                                        "lms": 0.6990950226244343,
                                        "icat": 0.6453184824225549
                                    },
                                    "dev_count": 663,
                                    "test_count": 663
                                },
                                "race": {
                                    "dev": {
                                        "ss": 0.4837662337662338,
                                        "lms": 0.7532467532467533,
                                        "icat": 0.7287906898296509
                                    },
                                    "test": {
                                        "ss": 0.42857142857142855,
                                        "lms": 0.724025974025974,
                                        "icat": 0.6205936920222634
                                    },
                                    "dev_count": 924,
                                    "test_count": 924
                                },
                                "religion": {
                                    "dev": {
                                        "ss": 0.47619047619047616,
                                        "lms": 0.7142857142857143,
                                        "icat": 0.6802721088435374
                                    },
                                    "test": {
                                        "ss": 0.45454545454545453,
                                        "lms": 0.7045454545454546,
                                        "icat": 0.640495867768595
                                    },
                                    "dev_count": 63,
                                    "test_count": 66
                                },
                                "dev_criterion_score": -0.47183098591549294,
                                "test_criterion_score": -0.543859649122807
                            },
                            "model_3": {
                                "best_model": {
                                    "path": "./models/bert-base-uncased/notall/inp/adv/1e-05/64/10000/model_3",
                                    "gender": {
                                        "dev": {
                                            "ss": 0.6031746031746031,
                                            "lms": 0.8571428571428571,
                                            "icat": 0.6802721088435374
                                        },
                                        "test": {
                                            "ss": 0.546875,
                                            "lms": 0.7734375,
                                            "icat": 0.700927734375
                                        },
                                        "dev_count": 189,
                                        "test_count": 192
                                    },
                                    "profession": {
                                        "dev": {
                                            "ss": 0.46153846153846156,
                                            "lms": 0.753393665158371,
                                            "icat": 0.6954403063000348
                                        },
                                        "test": {
                                            "ss": 0.5565610859728507,
                                            "lms": 0.7171945701357466,
                                            "icat": 0.6360639626543273
                                        },
                                        "dev_count": 663,
                                        "test_count": 663
                                    },
                                    "race": {
                                        "dev": {
                                            "ss": 0.474025974025974,
                                            "lms": 0.7775974025974026,
                                            "icat": 0.7372027323326025
                                        },
                                        "test": {
                                            "ss": 0.42857142857142855,
                                            "lms": 0.7581168831168831,
                                            "icat": 0.6498144712430426
                                        },
                                        "dev_count": 924,
                                        "test_count": 924
                                    },
                                    "religion": {
                                        "dev": {
                                            "ss": 0.42857142857142855,
                                            "lms": 0.7380952380952381,
                                            "icat": 0.6326530612244898
                                        },
                                        "test": {
                                            "ss": 0.5,
                                            "lms": 0.75,
                                            "icat": 0.75
                                        },
                                        "dev_count": 63,
                                        "test_count": 66
                                    },
                                    "dev_criterion_score": -0.49295774647887325,
                                    "test_criterion_score": -0.5543859649122806
                                }
                            },
                            "model_5": {
                                "best_model": {
                                    "path": "./models/bert-base-uncased/notall/inp/adv/1e-05/64/10000/model_5",
                                    "gender": {
                                        "dev": {
                                            "ss": 0.6031746031746031,
                                            "lms": 0.8412698412698413,
                                            "icat": 0.6676744771982868
                                        },
                                        "test": {
                                            "ss": 0.5625,
                                            "lms": 0.734375,
                                            "icat": 0.642578125
                                        },
                                        "dev_count": 189,
                                        "test_count": 192
                                    },
                                    "profession": {
                                        "dev": {
                                            "ss": 0.4343891402714932,
                                            "lms": 0.7194570135746606,
                                            "icat": 0.6250486271779857
                                        },
                                        "test": {
                                            "ss": 0.5384615384615384,
                                            "lms": 0.6990950226244343,
                                            "icat": 0.6453184824225549
                                        },
                                        "dev_count": 663,
                                        "test_count": 663
                                    },
                                    "race": {
                                        "dev": {
                                            "ss": 0.4837662337662338,
                                            "lms": 0.7532467532467533,
                                            "icat": 0.7287906898296509
                                        },
                                        "test": {
                                            "ss": 0.42857142857142855,
                                            "lms": 0.724025974025974,
                                            "icat": 0.6205936920222634
                                        },
                                        "dev_count": 924,
                                        "test_count": 924
                                    },
                                    "religion": {
                                        "dev": {
                                            "ss": 0.47619047619047616,
                                            "lms": 0.7142857142857143,
                                            "icat": 0.6802721088435374
                                        },
                                        "test": {
                                            "ss": 0.45454545454545453,
                                            "lms": 0.7045454545454546,
                                            "icat": 0.640495867768595
                                        },
                                        "dev_count": 63,
                                        "test_count": 66
                                    },
                                    "dev_criterion_score": -0.47183098591549294,
                                    "test_criterion_score": -0.543859649122807
                                }
                            },
                            "model_2": {
                                "best_model": {
                                    "path": "./models/bert-base-uncased/notall/inp/adv/1e-05/64/10000/model_2",
                                    "gender": {
                                        "dev": {
                                            "ss": 0.6507936507936508,
                                            "lms": 0.8571428571428571,
                                            "icat": 0.5986394557823128
                                        },
                                        "test": {
                                            "ss": 0.546875,
                                            "lms": 0.8125,
                                            "icat": 0.736328125
                                        },
                                        "dev_count": 189,
                                        "test_count": 192
                                    },
                                    "profession": {
                                        "dev": {
                                            "ss": 0.47058823529411764,
                                            "lms": 0.7647058823529411,
                                            "icat": 0.7197231833910034
                                        },
                                        "test": {
                                            "ss": 0.5475113122171946,
                                            "lms": 0.746606334841629,
                                            "icat": 0.675661841485637
                                        },
                                        "dev_count": 663,
                                        "test_count": 663
                                    },
                                    "race": {
                                        "dev": {
                                            "ss": 0.4837662337662338,
                                            "lms": 0.788961038961039,
                                            "icat": 0.7633454208129533
                                        },
                                        "test": {
                                            "ss": 0.42207792207792205,
                                            "lms": 0.7564935064935064,
                                            "icat": 0.6385984145724405
                                        },
                                        "dev_count": 924,
                                        "test_count": 924
                                    },
                                    "religion": {
                                        "dev": {
                                            "ss": 0.5238095238095238,
                                            "lms": 0.7619047619047619,
                                            "icat": 0.7256235827664398
                                        },
                                        "test": {
                                            "ss": 0.5,
                                            "lms": 0.7954545454545454,
                                            "icat": 0.7954545454545454
                                        },
                                        "dev_count": 63,
                                        "test_count": 66
                                    },
                                    "dev_criterion_score": -0.5105633802816901,
                                    "test_criterion_score": -0.5473684210526316
                                }
                            },
                            "model_4": {
                                "best_model": {
                                    "path": "./models/bert-base-uncased/notall/inp/adv/1e-05/64/10000/model_4",
                                    "gender": {
                                        "dev": {
                                            "ss": 0.6031746031746031,
                                            "lms": 0.8571428571428571,
                                            "icat": 0.6802721088435374
                                        },
                                        "test": {
                                            "ss": 0.5625,
                                            "lms": 0.7421875,
                                            "icat": 0.6494140625
                                        },
                                        "dev_count": 189,
                                        "test_count": 192
                                    },
                                    "profession": {
                                        "dev": {
                                            "ss": 0.45248868778280543,
                                            "lms": 0.7285067873303167,
                                            "icat": 0.6592821604799246
                                        },
                                        "test": {
                                            "ss": 0.5520361990950227,
                                            "lms": 0.6990950226244343,
                                            "icat": 0.6263385270571855
                                        },
                                        "dev_count": 663,
                                        "test_count": 663
                                    },
                                    "race": {
                                        "dev": {
                                            "ss": 0.4772727272727273,
                                            "lms": 0.7646103896103896,
                                            "icat": 0.7298553719008265
                                        },
                                        "test": {
                                            "ss": 0.42857142857142855,
                                            "lms": 0.7386363636363636,
                                            "icat": 0.6331168831168831
                                        },
                                        "dev_count": 924,
                                        "test_count": 924
                                    },
                                    "religion": {
                                        "dev": {
                                            "ss": 0.47619047619047616,
                                            "lms": 0.7380952380952381,
                                            "icat": 0.7029478458049887
                                        },
                                        "test": {
                                            "ss": 0.45454545454545453,
                                            "lms": 0.75,
                                            "icat": 0.6818181818181818
                                        },
                                        "dev_count": 63,
                                        "test_count": 66
                                    },
                                    "dev_criterion_score": -0.4859154929577465,
                                    "test_criterion_score": -0.5543859649122806
                                }
                            },
                            "model_1": {
                                "best_model": {
                                    "path": "./models/bert-base-uncased/notall/inp/adv/1e-05/64/10000/model_1",
                                    "gender": {
                                        "dev": {
                                            "ss": 0.6507936507936508,
                                            "lms": 0.8492063492063492,
                                            "icat": 0.5930964978584026
                                        },
                                        "test": {
                                            "ss": 0.53125,
                                            "lms": 0.78125,
                                            "icat": 0.732421875
                                        },
                                        "dev_count": 189,
                                        "test_count": 192
                                    },
                                    "profession": {
                                        "dev": {
                                            "ss": 0.4751131221719457,
                                            "lms": 0.7941176470588235,
                                            "icat": 0.7545914293319137
                                        },
                                        "test": {
                                            "ss": 0.5520361990950227,
                                            "lms": 0.7669683257918553,
                                            "icat": 0.6871480927908928
                                        },
                                        "dev_count": 663,
                                        "test_count": 663
                                    },
                                    "race": {
                                        "dev": {
                                            "ss": 0.4935064935064935,
                                            "lms": 0.7873376623376623,
                                            "icat": 0.7771124978917187
                                        },
                                        "test": {
                                            "ss": 0.4318181818181818,
                                            "lms": 0.7678571428571429,
                                            "icat": 0.6631493506493507
                                        },
                                        "dev_count": 924,
                                        "test_count": 924
                                    },
                                    "religion": {
                                        "dev": {
                                            "ss": 0.5238095238095238,
                                            "lms": 0.7380952380952381,
                                            "icat": 0.7029478458049887
                                        },
                                        "test": {
                                            "ss": 0.5,
                                            "lms": 0.7727272727272727,
                                            "icat": 0.7727272727272727
                                        },
                                        "dev_count": 63,
                                        "test_count": 66
                                    },
                                    "dev_criterion_score": -0.5140845070422535,
                                    "test_criterion_score": -0.5473684210526316
                                }
                            }
                        }
                    }
                }
            }
        }
    }
}
01/23/2025 11:17:54 - INFO - __main__ - Got all results {
    "./models/bert-base-uncased/notall/inp/adv/1e-05/64/10000/model_3": {
        "path": "./models/bert-base-uncased/notall/inp/adv/1e-05/64/10000/model_3",
        "gender": {
            "dev": {
                "ss": 0.6031746031746031,
                "lms": 0.8571428571428571,
                "icat": 0.6802721088435374
            },
            "test": {
                "ss": 0.546875,
                "lms": 0.7734375,
                "icat": 0.700927734375
            },
            "dev_count": 189,
            "test_count": 192
        },
        "profession": {
            "dev": {
                "ss": 0.46153846153846156,
                "lms": 0.753393665158371,
                "icat": 0.6954403063000348
            },
            "test": {
                "ss": 0.5565610859728507,
                "lms": 0.7171945701357466,
                "icat": 0.6360639626543273
            },
            "dev_count": 663,
            "test_count": 663
        },
        "race": {
            "dev": {
                "ss": 0.474025974025974,
                "lms": 0.7775974025974026,
                "icat": 0.7372027323326025
            },
            "test": {
                "ss": 0.42857142857142855,
                "lms": 0.7581168831168831,
                "icat": 0.6498144712430426
            },
            "dev_count": 924,
            "test_count": 924
        },
        "religion": {
            "dev": {
                "ss": 0.42857142857142855,
                "lms": 0.7380952380952381,
                "icat": 0.6326530612244898
            },
            "test": {
                "ss": 0.5,
                "lms": 0.75,
                "icat": 0.75
            },
            "dev_count": 63,
            "test_count": 66
        },
        "dev_criterion_score": -0.49295774647887325,
        "test_criterion_score": -0.5543859649122806
    },
    "./models/bert-base-uncased/notall/inp/adv/1e-05/64/10000/model_5": {
        "path": "./models/bert-base-uncased/notall/inp/adv/1e-05/64/10000/model_5",
        "gender": {
            "dev": {
                "ss": 0.6031746031746031,
                "lms": 0.8412698412698413,
                "icat": 0.6676744771982868
            },
            "test": {
                "ss": 0.5625,
                "lms": 0.734375,
                "icat": 0.642578125
            },
            "dev_count": 189,
            "test_count": 192
        },
        "profession": {
            "dev": {
                "ss": 0.4343891402714932,
                "lms": 0.7194570135746606,
                "icat": 0.6250486271779857
            },
            "test": {
                "ss": 0.5384615384615384,
                "lms": 0.6990950226244343,
                "icat": 0.6453184824225549
            },
            "dev_count": 663,
            "test_count": 663
        },
        "race": {
            "dev": {
                "ss": 0.4837662337662338,
                "lms": 0.7532467532467533,
                "icat": 0.7287906898296509
            },
            "test": {
                "ss": 0.42857142857142855,
                "lms": 0.724025974025974,
                "icat": 0.6205936920222634
            },
            "dev_count": 924,
            "test_count": 924
        },
        "religion": {
            "dev": {
                "ss": 0.47619047619047616,
                "lms": 0.7142857142857143,
                "icat": 0.6802721088435374
            },
            "test": {
                "ss": 0.45454545454545453,
                "lms": 0.7045454545454546,
                "icat": 0.640495867768595
            },
            "dev_count": 63,
            "test_count": 66
        },
        "dev_criterion_score": -0.47183098591549294,
        "test_criterion_score": -0.543859649122807
    },
    "./models/bert-base-uncased/notall/inp/adv/1e-05/64/10000/model_2": {
        "path": "./models/bert-base-uncased/notall/inp/adv/1e-05/64/10000/model_2",
        "gender": {
            "dev": {
                "ss": 0.6507936507936508,
                "lms": 0.8571428571428571,
                "icat": 0.5986394557823128
            },
            "test": {
                "ss": 0.546875,
                "lms": 0.8125,
                "icat": 0.736328125
            },
            "dev_count": 189,
            "test_count": 192
        },
        "profession": {
            "dev": {
                "ss": 0.47058823529411764,
                "lms": 0.7647058823529411,
                "icat": 0.7197231833910034
            },
            "test": {
                "ss": 0.5475113122171946,
                "lms": 0.746606334841629,
                "icat": 0.675661841485637
            },
            "dev_count": 663,
            "test_count": 663
        },
        "race": {
            "dev": {
                "ss": 0.4837662337662338,
                "lms": 0.788961038961039,
                "icat": 0.7633454208129533
            },
            "test": {
                "ss": 0.42207792207792205,
                "lms": 0.7564935064935064,
                "icat": 0.6385984145724405
            },
            "dev_count": 924,
            "test_count": 924
        },
        "religion": {
            "dev": {
                "ss": 0.5238095238095238,
                "lms": 0.7619047619047619,
                "icat": 0.7256235827664398
            },
            "test": {
                "ss": 0.5,
                "lms": 0.7954545454545454,
                "icat": 0.7954545454545454
            },
            "dev_count": 63,
            "test_count": 66
        },
        "dev_criterion_score": -0.5105633802816901,
        "test_criterion_score": -0.5473684210526316
    },
    "./models/bert-base-uncased/notall/inp/adv/1e-05/64/10000/model_4": {
        "path": "./models/bert-base-uncased/notall/inp/adv/1e-05/64/10000/model_4",
        "gender": {
            "dev": {
                "ss": 0.6031746031746031,
                "lms": 0.8571428571428571,
                "icat": 0.6802721088435374
            },
            "test": {
                "ss": 0.5625,
                "lms": 0.7421875,
                "icat": 0.6494140625
            },
            "dev_count": 189,
            "test_count": 192
        },
        "profession": {
            "dev": {
                "ss": 0.45248868778280543,
                "lms": 0.7285067873303167,
                "icat": 0.6592821604799246
            },
            "test": {
                "ss": 0.5520361990950227,
                "lms": 0.6990950226244343,
                "icat": 0.6263385270571855
            },
            "dev_count": 663,
            "test_count": 663
        },
        "race": {
            "dev": {
                "ss": 0.4772727272727273,
                "lms": 0.7646103896103896,
                "icat": 0.7298553719008265
            },
            "test": {
                "ss": 0.42857142857142855,
                "lms": 0.7386363636363636,
                "icat": 0.6331168831168831
            },
            "dev_count": 924,
            "test_count": 924
        },
        "religion": {
            "dev": {
                "ss": 0.47619047619047616,
                "lms": 0.7380952380952381,
                "icat": 0.7029478458049887
            },
            "test": {
                "ss": 0.45454545454545453,
                "lms": 0.75,
                "icat": 0.6818181818181818
            },
            "dev_count": 63,
            "test_count": 66
        },
        "dev_criterion_score": -0.4859154929577465,
        "test_criterion_score": -0.5543859649122806
    },
    "./models/bert-base-uncased/notall/inp/adv/1e-05/64/10000/model_1": {
        "path": "./models/bert-base-uncased/notall/inp/adv/1e-05/64/10000/model_1",
        "gender": {
            "dev": {
                "ss": 0.6507936507936508,
                "lms": 0.8492063492063492,
                "icat": 0.5930964978584026
            },
            "test": {
                "ss": 0.53125,
                "lms": 0.78125,
                "icat": 0.732421875
            },
            "dev_count": 189,
            "test_count": 192
        },
        "profession": {
            "dev": {
                "ss": 0.4751131221719457,
                "lms": 0.7941176470588235,
                "icat": 0.7545914293319137
            },
            "test": {
                "ss": 0.5520361990950227,
                "lms": 0.7669683257918553,
                "icat": 0.6871480927908928
            },
            "dev_count": 663,
            "test_count": 663
        },
        "race": {
            "dev": {
                "ss": 0.4935064935064935,
                "lms": 0.7873376623376623,
                "icat": 0.7771124978917187
            },
            "test": {
                "ss": 0.4318181818181818,
                "lms": 0.7678571428571429,
                "icat": 0.6631493506493507
            },
            "dev_count": 924,
            "test_count": 924
        },
        "religion": {
            "dev": {
                "ss": 0.5238095238095238,
                "lms": 0.7380952380952381,
                "icat": 0.7029478458049887
            },
            "test": {
                "ss": 0.5,
                "lms": 0.7727272727272727,
                "icat": 0.7727272727272727
            },
            "dev_count": 63,
            "test_count": 66
        },
        "dev_criterion_score": -0.5140845070422535,
        "test_criterion_score": -0.5473684210526316
    }
}
